<?xml version="1.0" encoding="UTF-8"?>
<!-- Generated by org.testng.reporters.JUnitXMLReporter -->
<testsuite hostname="salwa11" name="Default test" tests="4" failures="0" timestamp="30 Aug 2018 01:50:29 GMT" time="257.307" errors="0">
  <testcase name="tc_001_login_functionality" time="44.897" classname="testcases.LoginTest"/>
  <testcase name="tc_001_login_functionality" time="48.031" classname="testcases.LoginTest"/>
  <testcase name="tc_001_login_functionality" time="46.076" classname="testcases.LoginTest"/>
  <testcase name="tc_001_login_functionality" time="46.162" classname="testcases.LoginTest"/>
</testsuite> <!-- Default test -->
