<?xml version="1.0" encoding="UTF-8"?>
<!-- Generated by org.testng.reporters.JUnitXMLReporter -->
<testsuite hostname="salwa11" name="Default test(failed)" tests="4" failures="0" timestamp="30 Aug 2018 01:54:36 GMT" time="247.267" errors="0">
  <testcase name="tc_001_login_functionality" time="44.131" classname="testcases.LoginTest"/>
  <testcase name="tc_001_login_functionality" time="41.978" classname="testcases.LoginTest"/>
  <testcase name="tc_001_login_functionality" time="46.307" classname="testcases.LoginTest"/>
  <testcase name="tc_001_login_functionality" time="45.238" classname="testcases.LoginTest"/>
</testsuite> <!-- Default test(failed) -->
