<?xml version="1.0" encoding="UTF-8"?>
<!-- Generated by org.testng.reporters.JUnitXMLReporter -->
<testsuite hostname="salwa11" name="Default test" tests="4" failures="0" timestamp="30 Aug 2018 02:06:13 GMT" time="279.242" errors="0">
  <testcase name="tc_001_login_functionality" time="47.429" classname="testcases.LoginTest"/>
  <testcase name="tc_001_login_functionality" time="45.117" classname="testcases.LoginTest"/>
  <testcase name="tc_001_login_functionality" time="47.824" classname="testcases.LoginTest"/>
  <testcase name="tc_001_login_functionality" time="57.629" classname="testcases.LoginTest"/>
</testsuite> <!-- Default test -->
